[debug] [2023-02-20T03:01:52.399Z] ----------------------------------------------------------------------
[debug] [2023-02-20T03:01:52.403Z] Command:       C:\Program Files\nodejs\node.exe C:\Users\Alex\AppData\Roaming\npm\node_modules\firebase-tools\lib\bin\firebase.js init
[debug] [2023-02-20T03:01:52.405Z] CLI Version:   11.23.1
[debug] [2023-02-20T03:01:52.406Z] Platform:      win32
[debug] [2023-02-20T03:01:52.406Z] Node Version:  v18.9.0
[debug] [2023-02-20T03:01:52.408Z] Time:          Sun Feb 19 2023 19:01:52 GMT-0800 (Pacific Standard Time)
[debug] [2023-02-20T03:01:52.408Z] ----------------------------------------------------------------------
[debug] 
[debug] [2023-02-20T03:01:52.425Z] > command requires scopes: ["email","openid","https://www.googleapis.com/auth/cloudplatformprojects.readonly","https://www.googleapis.com/auth/firebase","https://www.googleapis.com/auth/cloud-platform"]
[debug] [2023-02-20T03:01:52.426Z] > authorizing via signed-in user (itsalextwod@gmail.com)
[info] 
     ######## #### ########  ######## ########     ###     ######  ########
     ##        ##  ##     ## ##       ##     ##  ##   ##  ##       ##
     ######    ##  ########  ######   ########  #########  ######  ######
     ##        ##  ##    ##  ##       ##     ## ##     ##       ## ##
     ##       #### ##     ## ######## ########  ##     ##  ######  ########

You're about to initialize a Firebase project in this directory:

  C:\Users\Alex\Documents\dev\porto_using_mern\server

[info] 
=== Project Setup
[info] 
[info] First, let's associate this project directory with a Firebase project.
[info] You can create multiple project aliases by running firebase use --add, 
[info] but for now we'll just set up a default project.
[info] 
[debug] [2023-02-20T03:02:15.993Z] >>> [apiv2][query] GET https://firebase.googleapis.com/v1beta1/projects pageSize=100
[debug] [2023-02-20T03:02:31.272Z] Failed to make request to https://firebase.googleapis.com/v1beta1/projects?pageSize=100
[debug] [2023-02-20T03:02:32.233Z] FirebaseError: Failed to make request to https://firebase.googleapis.com/v1beta1/projects?pageSize=100
    at RetryOperation._fn (C:\Users\Alex\AppData\Roaming\npm\node_modules\firebase-tools\lib\apiv2.js:242:31)
    at process.processTicksAndRejections (node:internal/process/task_queues:95:5)
[error] 
[error] Error: Failed to list Firebase projects. See firebase-debug.log for more info.
